<?xml version="1.0" encoding="UTF-8"?>
<testng-results ignored="0" total="1" passed="1" failed="0" skipped="0">
  <reporter-output>
  </reporter-output>
  <suite started-at="2022-03-26T15:57:31 CDT" name="Default suite" finished-at="2022-03-26T15:57:39 CDT" duration-ms="8432">
    <groups>
    </groups>
    <test started-at="2022-03-26T15:57:31 CDT" name="Default test" finished-at="2022-03-26T15:57:39 CDT" duration-ms="8432">
      <class name="test.AddContactTest">
        <test-method signature="validUSerShouldBeAbleToAddCustomer()[pri:0, instance:test.AddContactTest@f80945f]" started-at="2022-03-26T15:57:31 CDT" name="validUSerShouldBeAbleToAddCustomer" finished-at="2022-03-26T15:57:39 CDT" duration-ms="8410" status="PASS">
          <reporter-output>
          </reporter-output>
        </test-method> <!-- validUSerShouldBeAbleToAddCustomer -->
      </class> <!-- test.AddContactTest -->
    </test> <!-- Default test -->
  </suite> <!-- Default suite -->
</testng-results>
